<?xml version="1.0" encoding="UTF-8"?>
<!-- Generated by org.testng.reporters.JUnitReportReporter -->
<testsuite hostname="SVT-PC-155" failures="0" tests="4" name="com.example.TestRunner.TestngTestRunnerTest" time="90.096" errors="0" timestamp="2023-11-23T10:27:07 IST" skipped="0">
  <testcase classname="com.example.TestRunner.TestngTestRunnerTest" name="runScenario" time="37.657"/>
  <system-out/>
  <testcase classname="com.example.TestRunner.TestngTestRunnerTest" name="runScenario" time="26.115"/>
  <system-out/>
  <testcase classname="com.example.TestRunner.TestngTestRunnerTest" name="runScenario" time="8.853"/>
  <system-out/>
  <testcase classname="com.example.TestRunner.TestngTestRunnerTest" name="runScenario" time="17.471"/>
  <system-out/>
</testsuite> <!-- com.example.TestRunner.TestngTestRunnerTest -->
